This is pdfTeX, Version 3.1415926-2.3-1.40.12 (TeX Live 2011) (format=pdflatex 2013.1.8)  13 APR 2013 16:05
entering extended mode
 restricted \write18 enabled.
 %&-line parsing enabled.
**libro_resumenes.tex
(./libro_resumenes.tex
LaTeX2e <2009/09/24>
Babel <v3.8l> and hyphenation patterns for english, dumylang, nohyphenation, ge
rman-x-2009-06-19, ngerman-x-2009-06-19, afrikaans, ancientgreek, ibycus, arabi
c, armenian, basque, bulgarian, catalan, pinyin, coptic, croatian, czech, danis
h, dutch, ukenglish, usenglishmax, esperanto, estonian, ethiopic, farsi, finnis
h, french, galician, german, ngerman, swissgerman, monogreek, greek, hungarian,
 icelandic, assamese, bengali, gujarati, hindi, kannada, malayalam, marathi, or
iya, panjabi, tamil, telugu, indonesian, interlingua, irish, italian, kurmanji,
 lao, latin, latvian, lithuanian, mongolian, mongolianlmc, bokmal, nynorsk, pol
ish, portuguese, romanian, russian, sanskrit, serbian, serbianc, slovak, sloven
ian, spanish, swedish, turkish, turkmen, ukrainian, uppersorbian, welsh, loaded
.
(/usr/share/texmf/tex/latex/base/book.cls
Document Class: book 2007/10/19 v1.4h Standard LaTeX document class
(/usr/share/texmf/tex/latex/base/bk12.clo
File: bk12.clo 2007/10/19 v1.4h Standard LaTeX file (size option)
)
\c@part=\count79
\c@chapter=\count80
\c@section=\count81
\c@subsection=\count82
\c@subsubsection=\count83
\c@paragraph=\count84
\c@subparagraph=\count85
\c@figure=\count86
\c@table=\count87
\abovecaptionskip=\skip41
\belowcaptionskip=\skip42
\bibindent=\dimen102
)
(/usr/share/texmf/tex/latex/base/fontenc.sty
Package: fontenc 2005/09/27 v1.99g Standard LaTeX package

(/usr/share/texmf/tex/latex/base/t1enc.def
File: t1enc.def 2005/09/27 v1.99g Standard LaTeX file
LaTeX Font Info:    Redeclaring font encoding T1 on input line 43.
))
(/usr/share/texmf/tex/generic/babel/babel.sty
Package: babel 2008/07/06 v3.8l The Babel package

(/usr/share/texmf/tex/generic/babel/english.ldf
Language: english 2005/03/30 v3.3o English support from the babel system

(/usr/share/texmf/tex/generic/babel/babel.def
File: babel.def 2008/07/06 v3.8l Babel common definitions
\babel@savecnt=\count88
\U@D=\dimen103
)
\l@canadian = a dialect from \language\l@american 
\l@australian = a dialect from \language\l@british 
\l@newzealand = a dialect from \language\l@british 
)
(/usr/share/texmf/tex/generic/babel/spanish.ldf
Language: spanish.ldf 2009/01/02 v5.0h Spanish support from the babel system
\es@datefmt=\count89
\es@quottoks=\toks14
\es@quotdepth=\count90
Package babel Info: Making " an active character on input line 492.
Package babel Info: Making . an active character on input line 585.
Package babel Info: Making < an active character on input line 630.
Package babel Info: Making > an active character on input line 630.
))
(/usr/share/texmf/tex/latex/amsmath/amsmath.sty
Package: amsmath 2000/07/18 v2.13 AMS math features
\@mathmargin=\skip43

For additional information on amsmath, use the `?' option.
(/usr/share/texmf/tex/latex/amsmath/amstext.sty
Package: amstext 2000/06/29 v2.01

(/usr/share/texmf/tex/latex/amsmath/amsgen.sty
File: amsgen.sty 1999/11/30 v2.0
\@emptytoks=\toks15
\ex@=\dimen104
))
(/usr/share/texmf/tex/latex/amsmath/amsbsy.sty
Package: amsbsy 1999/11/29 v1.2d
\pmbraise@=\dimen105
)
(/usr/share/texmf/tex/latex/amsmath/amsopn.sty
Package: amsopn 1999/12/14 v2.01 operator names
)
\inf@bad=\count91
LaTeX Info: Redefining \frac on input line 211.
\uproot@=\count92
\leftroot@=\count93
LaTeX Info: Redefining \overline on input line 307.
\classnum@=\count94
\DOTSCASE@=\count95
LaTeX Info: Redefining \ldots on input line 379.
LaTeX Info: Redefining \dots on input line 382.
LaTeX Info: Redefining \cdots on input line 467.
\Mathstrutbox@=\box26
\strutbox@=\box27
\big@size=\dimen106
LaTeX Font Info:    Redeclaring font encoding OML on input line 567.
LaTeX Font Info:    Redeclaring font encoding OMS on input line 568.
\macc@depth=\count96
\c@MaxMatrixCols=\count97
\dotsspace@=\muskip10
\c@parentequation=\count98
\dspbrk@lvl=\count99
\tag@help=\toks16
\row@=\count100
\column@=\count101
\maxfields@=\count102
\andhelp@=\toks17
\eqnshift@=\dimen107
\alignsep@=\dimen108
\tagshift@=\dimen109
\tagwidth@=\dimen110
\totwidth@=\dimen111
\lineht@=\dimen112
\@envbody=\toks18
\multlinegap=\skip44
\multlinetaggap=\skip45
\mathdisplay@stack=\toks19
LaTeX Info: Redefining \[ on input line 2666.
LaTeX Info: Redefining \] on input line 2667.
)
(/usr/share/texmf/tex/latex/amsfonts/amsfonts.sty
Package: amsfonts 2009/06/22 v3.00 Basic AMSFonts support
\symAMSa=\mathgroup4
\symAMSb=\mathgroup5
LaTeX Font Info:    Overwriting math alphabet `\mathfrak' in version `bold'
(Font)                  U/euf/m/n --> U/euf/b/n on input line 96.
)
(/usr/share/texmf/tex/latex/amsfonts/amssymb.sty
Package: amssymb 2009/06/22 v3.00
)
(/usr/share/texmf/tex/latex/hyperref/hyperref.sty
Package: hyperref 2011/04/17 v6.82g Hypertext links for LaTeX

(/usr/share/texmf/tex/generic/oberdiek/hobsub-hyperref.sty
Package: hobsub-hyperref 2011/04/23 v1.4 Bundle oberdiek, subset hyperref (HO)

(/usr/share/texmf/tex/generic/oberdiek/hobsub-generic.sty
Package: hobsub-generic 2011/04/23 v1.4 Bundle oberdiek, subset generic (HO)
Package: hobsub 2011/04/23 v1.4 Subsetting bundle oberdiek (HO)
Package: infwarerr 2010/04/08 v1.3 Providing info/warning/message (HO)
Package: ltxcmds 2011/04/18 v1.20 LaTeX kernel commands for general use (HO)
Package: ifluatex 2010/03/01 v1.3 Provides the ifluatex switch (HO)
Package ifluatex Info: LuaTeX not detected.
Package: ifvtex 2010/03/01 v1.5 Switches for detecting VTeX and its modes (HO)
Package ifvtex Info: VTeX not detected.
Package: intcalc 2007/09/27 v1.1 Expandable integer calculations (HO)
Package: ifpdf 2011/01/30 v2.3 Provides the ifpdf switch (HO)
Package ifpdf Info: pdfTeX in PDF mode is detected.
Package: etexcmds 2011/02/16 v1.5 Prefix for e-TeX command names (HO)
Package etexcmds Info: Could not find \expanded.
(etexcmds)             That can mean that you are not using pdfTeX 1.50 or
(etexcmds)             that some package has redefined \expanded.
(etexcmds)             In the latter case, load this package earlier.
Package: kvsetkeys 2011/04/07 v1.13 Key value parser (HO)
Package: kvdefinekeys 2011/04/07 v1.3 Defining keys (HO)
Package: pdftexcmds 2011/04/22 v0.16 Utilities of pdfTeX for LuaTeX (HO)
Package pdftexcmds Info: LuaTeX not detected.
Package pdftexcmds Info: \pdf@primitive is available.
Package pdftexcmds Info: \pdf@ifprimitive is available.
Package pdftexcmds Info: \pdfdraftmode found.
Package: pdfescape 2011/04/04 v1.12 Provides string conversions (HO)
Package: bigintcalc 2011/01/30 v1.2 Expandable big integer calculations (HO)
Package: bitset 2011/01/30 v1.1 Data type bit set (HO)
Package: uniquecounter 2011/01/30 v1.2 Provides unlimited unique counter (HO)
)
Package hobsub Info: Skipping package `hobsub' (already loaded).
Package: letltxmacro 2010/09/02 v1.4 Let assignment for LaTeX macros (HO)
Package: hopatch 2011/01/30 v1.0 Wrapper for package hooks (HO)
Package: xcolor-patch 2011/01/30 xcolor patch
Package: atveryend 2011/04/23 v1.7 Hooks at very end of document (HO)
Package atveryend Info: \enddocument detected (standard).
Package: atbegshi 2011/01/30 v1.15 At begin shipout hook (HO)
Package: refcount 2010/12/01 v3.2 Data extraction from references (HO)
Package: hycolor 2011/01/30 v1.7 Color options of hyperref/bookmark (HO)
)
(/usr/share/texmf/tex/latex/graphics/keyval.sty
Package: keyval 1999/03/16 v1.13 key=value parser (DPC)
\KV@toks@=\toks20
)
(/usr/share/texmf/tex/generic/ifxetex/ifxetex.sty
Package: ifxetex 2010/09/12 v0.6 Provides ifxetex conditional
)
(/usr/share/texmf/tex/latex/oberdiek/kvoptions.sty
Package: kvoptions 2010/12/23 v3.10 Keyval support for LaTeX options (HO)
)
\@linkdim=\dimen113
\Hy@linkcounter=\count103
\Hy@pagecounter=\count104

(/usr/share/texmf/tex/latex/hyperref/pd1enc.def
File: pd1enc.def 2011/04/17 v6.82g Hyperref: PDFDocEncoding definition (HO)
)
\Hy@SavedSpaceFactor=\count105

(/usr/share/texmf/tex/latex/latexconfig/hyperref.cfg
File: hyperref.cfg 2002/06/06 v1.2 hyperref configuration of TeXLive
)
Package hyperref Info: Hyper figures OFF on input line 4026.
Package hyperref Info: Link nesting OFF on input line 4031.
Package hyperref Info: Hyper index ON on input line 4034.
Package hyperref Info: Plain pages OFF on input line 4041.
Package hyperref Info: Backreferencing OFF on input line 4046.
Package hyperref Info: Implicit mode ON; LaTeX internals redefined.
Package hyperref Info: Bookmarks ON on input line 4264.
\c@Hy@tempcnt=\count106

(/usr/share/texmf/tex/latex/url/url.sty
\Urlmuskip=\muskip11
Package: url 2006/04/12  ver 3.3  Verb mode for urls, etc.
)
LaTeX Info: Redefining \url on input line 4617.
\Fld@menulength=\count107
\Field@Width=\dimen114
\Fld@charsize=\dimen115
Package hyperref Info: Hyper figures OFF on input line 5701.
Package hyperref Info: Link nesting OFF on input line 5706.
Package hyperref Info: Hyper index ON on input line 5709.
Package hyperref Info: backreferencing OFF on input line 5716.
Package hyperref Info: Link coloring OFF on input line 5721.
Package hyperref Info: Link coloring with OCG OFF on input line 5726.
Package hyperref Info: PDF/A mode OFF on input line 5731.
LaTeX Info: Redefining \ref on input line 5771.
LaTeX Info: Redefining \pageref on input line 5775.
\Hy@abspage=\count108
\c@Item=\count109
\c@Hfootnote=\count110
)

Package hyperref Message: Driver (autodetected): hpdftex.

(/usr/share/texmf/tex/latex/hyperref/hpdftex.def
File: hpdftex.def 2011/04/17 v6.82g Hyperref driver for pdfTeX
\Fld@listcount=\count111
\c@bookmark@seq@number=\count112

(/usr/share/texmf/tex/latex/oberdiek/rerunfilecheck.sty
Package: rerunfilecheck 2011/04/15 v1.7 Rerun checks for auxiliary files (HO)
Package uniquecounter Info: New unique counter `rerunfilecheck' on input line 2
82.
)
\Hy@SectionHShift=\skip46
)
(/usr/share/texmf/tex/latex/geometry/geometry.sty
Package: geometry 2010/09/12 v5.6 Page Geometry
\Gm@cnth=\count113
\Gm@cntv=\count114
\c@Gm@tempcnt=\count115
\Gm@bindingoffset=\dimen116
\Gm@wd@mp=\dimen117
\Gm@odd@mp=\dimen118
\Gm@even@mp=\dimen119
\Gm@layoutwidth=\dimen120
\Gm@layoutheight=\dimen121
\Gm@layouthoffset=\dimen122
\Gm@layoutvoffset=\dimen123
\Gm@dimlist=\toks21
)
(/usr/share/texmf/tex/latex/booktabs/booktabs.sty
Package: booktabs 2005/04/14 v1.61803 publication quality tables
\heavyrulewidth=\dimen124
\lightrulewidth=\dimen125
\cmidrulewidth=\dimen126
\belowrulesep=\dimen127
\belowbottomsep=\dimen128
\aboverulesep=\dimen129
\abovetopsep=\dimen130
\cmidrulesep=\dimen131
\cmidrulekern=\dimen132
\defaultaddspace=\dimen133
\@cmidla=\count116
\@cmidlb=\count117
\@aboverulesep=\dimen134
\@belowrulesep=\dimen135
\@thisruleclass=\count118
\@lastruleclass=\count119
\@thisrulewidth=\dimen136
)
(/usr/share/texmf/tex/latex/pdfpages/pdfpages.sty
Package: pdfpages 2011/03/10 v0.4n Insert pages of external PDF documents (AM)

(/usr/share/texmf/tex/latex/base/ifthen.sty
Package: ifthen 2001/05/26 v1.1c Standard LaTeX ifthen package (DPC)
)
(/usr/share/texmf/tex/latex/tools/calc.sty
Package: calc 2007/08/22 v4.3 Infix arithmetic (KKT,FJ)
\calc@Acount=\count120
\calc@Bcount=\count121
\calc@Adimen=\dimen137
\calc@Bdimen=\dimen138
\calc@Askip=\skip47
\calc@Bskip=\skip48
LaTeX Info: Redefining \setlength on input line 76.
LaTeX Info: Redefining \addtolength on input line 77.
\calc@Ccount=\count122
\calc@Cskip=\skip49
)
(/usr/share/texmf/tex/latex/eso-pic/eso-pic.sty
Package: eso-pic 2010/10/06 v2.0c eso-pic (RN)

(/usr/share/texmf/tex/latex/xcolor/xcolor.sty
Package: xcolor 2007/01/21 v2.11 LaTeX color extensions (UK)

(/usr/share/texmf/tex/latex/latexconfig/color.cfg
File: color.cfg 2007/01/18 v1.5 color configuration of teTeX/TeXLive
)
Package xcolor Info: Driver file: pdftex.def on input line 225.

(/usr/share/texmf/tex/latex/pdftex-def/pdftex.def
File: pdftex.def 2011/05/27 v0.06d Graphics/color for pdfTeX
\Gread@gobject=\count123
)
Package xcolor Info: Model `cmy' substituted by `cmy0' on input line 1337.
Package xcolor Info: Model `hsb' substituted by `rgb' on input line 1341.
Package xcolor Info: Model `RGB' extended on input line 1353.
Package xcolor Info: Model `HTML' substituted by `rgb' on input line 1355.
Package xcolor Info: Model `Hsb' substituted by `hsb' on input line 1356.
Package xcolor Info: Model `tHsb' substituted by `hsb' on input line 1357.
Package xcolor Info: Model `HSB' substituted by `hsb' on input line 1358.
Package xcolor Info: Model `Gray' substituted by `gray' on input line 1359.
Package xcolor Info: Model `wave' substituted by `hsb' on input line 1360.
))
(/usr/share/texmf/tex/latex/graphics/graphicx.sty
Package: graphicx 1999/02/16 v1.0f Enhanced LaTeX Graphics (DPC,SPQR)

(/usr/share/texmf/tex/latex/graphics/graphics.sty
Package: graphics 2009/02/05 v1.0o Standard LaTeX Graphics (DPC,SPQR)

(/usr/share/texmf/tex/latex/graphics/trig.sty
Package: trig 1999/03/16 v1.09 sin cos tan (DPC)
)
(/usr/share/texmf/tex/latex/latexconfig/graphics.cfg
File: graphics.cfg 2010/04/23 v1.9 graphics configuration of TeX Live
)
Package graphics Info: Driver file: pdftex.def on input line 91.
)
\Gin@req@height=\dimen139
\Gin@req@width=\dimen140
)
(/usr/share/texmf/tex/latex/pdfpages/pppdftex.def
File: pppdftex.def 2011/03/10 v0.4n Pdfpages driver for pdfTeX (AM)
)
\AM@pagebox=\box28
\AM@toc@title=\toks22
\c@AM@survey=\count124
\AM@templatesizebox=\box29
)
(/usr/share/texmf/tex/latex/titlesec/titlesec.sty
Package: titlesec 2007/08/12 v2.8 Sectioning titles
\ttl@box=\box30
\beforetitleunit=\skip50
\aftertitleunit=\skip51
\ttl@plus=\dimen141
\ttl@minus=\dimen142
\ttl@toksa=\toks23
\titlewidth=\dimen143
\titlewidthlast=\dimen144
\titlewidthfirst=\dimen145
)
(/usr/share/texmf/tex/latex/wrapfig/wrapfig.sty
\wrapoverhang=\dimen146
\WF@size=\dimen147
\c@WF@wrappedlines=\count125
\WF@box=\box31
\WF@everypar=\toks24
Package: wrapfig 2003/01/31  v 3.6
) (./libro_resumenes.aux
(./portada.aux) (./organizadores.aux) (./disertantes.aux) (./cronograma.aux)
(./posters.aux))
\openout1 = `libro_resumenes.aux'.

LaTeX Font Info:    Checking defaults for OML/cmm/m/it on input line 44.
LaTeX Font Info:    ... okay on input line 44.
LaTeX Font Info:    Checking defaults for T1/cmr/m/n on input line 44.
LaTeX Font Info:    ... okay on input line 44.
LaTeX Font Info:    Checking defaults for OT1/cmr/m/n on input line 44.
LaTeX Font Info:    ... okay on input line 44.
LaTeX Font Info:    Checking defaults for OMS/cmsy/m/n on input line 44.
LaTeX Font Info:    ... okay on input line 44.
LaTeX Font Info:    Checking defaults for OMX/cmex/m/n on input line 44.
LaTeX Font Info:    ... okay on input line 44.
LaTeX Font Info:    Checking defaults for U/cmr/m/n on input line 44.
LaTeX Font Info:    ... okay on input line 44.
LaTeX Font Info:    Checking defaults for PD1/pdf/m/n on input line 44.
LaTeX Font Info:    ... okay on input line 44.
\AtBeginShipoutBox=\box32
Package hyperref Info: Link coloring OFF on input line 44.
 (/usr/share/texmf/tex/latex/hyperref/nameref.sty
Package: nameref 2010/04/30 v2.40 Cross-referencing by name of section

(/usr/share/texmf/tex/generic/oberdiek/gettitlestring.sty
Package: gettitlestring 2010/12/03 v1.4 Cleanup title references (HO)
)
\c@section@level=\count126
)
LaTeX Info: Redefining \ref on input line 44.
LaTeX Info: Redefining \pageref on input line 44.
LaTeX Info: Redefining \nameref on input line 44.

(./libro_resumenes.out) (./libro_resumenes.out)
\@outlinefile=\write3
\openout3 = `libro_resumenes.out'.


*geometry* driver: auto-detecting
*geometry* detected driver: pdftex
*geometry* verbose mode - [ preamble ] result:
* driver: pdftex
* paper: a4paper
* layout: <same size as paper>
* layoutoffset:(h,v)=(0.0pt,0.0pt)
* modes: twoside 
* h-part:(L,W,R)=(72.26999pt, 469.75499pt, 55.4829pt)
* v-part:(T,H,B)=(90.3375pt, 614.295pt, 140.41435pt)
* \paperwidth=597.50787pt
* \paperheight=845.04684pt
* \textwidth=469.75499pt
* \textheight=614.295pt
* \oddsidemargin=0.0pt
* \evensidemargin=-16.7871pt
* \topmargin=-13.80629pt
* \headheight=12.0pt
* \headsep=19.8738pt
* \topskip=12.0pt
* \footskip=30.0pt
* \marginparwidth=88.0pt
* \marginparsep=7.0pt
* \columnsep=10.0pt
* \skip\footins=10.8pt plus 4.0pt minus 2.0pt
* \hoffset=0.0pt
* \voffset=0.0pt
* \mag=1000
* \@twocolumnfalse
* \@twosidetrue
* \@mparswitchtrue
* \@reversemarginfalse
* (1in=72.27pt=25.4mm, 1cm=28.453pt)

(/usr/share/texmf/tex/latex/oberdiek/epstopdf-base.sty
Package: epstopdf-base 2010/02/09 v2.5 Base part for package epstopdf

(/usr/share/texmf/tex/latex/oberdiek/grfext.sty
Package: grfext 2010/08/19 v1.1 Managing graphics extensions (HO)
)
Package grfext Info: Graphics extension search list:
(grfext)             [.png,.pdf,.jpg,.mps,.jpeg,.jbig2,.jb2,.PNG,.PDF,.JPG,.JPE
G,.JBIG2,.JB2,.eps]
(grfext)             \AppendGraphicsExtensions on input line 452.

(/usr/share/texmf/tex/latex/latexconfig/epstopdf-sys.cfg
File: epstopdf-sys.cfg 2010/07/13 v1.3 Configuration of (r)epstopdf for TeX Liv
e
))
\openout2 = `portada.aux'.

 (./portada.tex)
[1{/var/lib/texmf/fonts/map/pdftex/updmap/pdftex.map}



] [2


]
(./libro_resumenes.toc
LaTeX Font Info:    Try loading font information for U+msa on input line 3.
 (/usr/share/texmf/tex/latex/amsfonts/umsa.fd
File: umsa.fd 2009/06/22 v3.00 AMS symbols A
)
LaTeX Font Info:    Try loading font information for U+msb on input line 3.

(/usr/share/texmf/tex/latex/amsfonts/umsb.fd
File: umsb.fd 2009/06/22 v3.00 AMS symbols B
))
\tf@toc=\write4
\openout4 = `libro_resumenes.toc'.

 [1

]
\openout2 = `organizadores.aux'.

 (./organizadores.tex
[2


]
Cap\'{\i }tulo 1.

Overfull \hbox (14.71999pt too wide) in paragraph at lines 5--5
 |[]\T1/cmr/bx/n/17.28 Encuentro de Es-tu-dian-tes de óp-ti-ca y fo-to-fís-ca (
EEOF)| 
 []


Underfull \hbox (badness 10000) in paragraph at lines 7--8

 []


Underfull \hbox (badness 10000) in paragraph at lines 9--10

 []


Underfull \hbox (badness 10000) in paragraph at lines 11--12

 []


Underfull \vbox (badness 2035) has occurred while \output is active []

 [3]
Underfull \hbox (badness 10000) in paragraph at lines 56--59

 []

) [4]
\openout2 = `disertantes.aux'.

 (./disertantes.tex
Cap\'{\i }tulo 2.
<./img/fstefani.jpg, id=87, 24.09pt x 24.09pt>
File: ./img/fstefani.jpg Graphic file (type jpg)
 <use ./img/fstefani.jpg>
Package pdftex.def Info: ./img/fstefani.jpg used on input line 13.
(pdftex.def)             Requested size: 37.58125pt x 37.58131pt.

Underfull \hbox (badness 10000) in paragraph at lines 21--23

 []


Underfull \hbox (badness 10000) in paragraph at lines 35--36

 []

<./img/abragas.jpg, id=88, 113.42375pt x 90.3375pt>
File: ./img/abragas.jpg Graphic file (type jpg)
 <use ./img/abragas.jpg>
Package pdftex.def Info: ./img/abragas.jpg used on input line 43.
(pdftex.def)             Requested size: 37.58125pt x 29.93138pt.

Underfull \hbox (badness 10000) in paragraph at lines 51--53

 []

[5



 <./img/fstefani.jpg> <./img/abragas.jpg>]
Underfull \hbox (badness 10000) in paragraph at lines 65--66

 []

<./img/smaier.jpeg, id=94, 96.36pt x 100.375pt>
File: ./img/smaier.jpeg Graphic file (type jpg)
 <use ./img/smaier.jpeg>
Package pdftex.def Info: ./img/smaier.jpeg used on input line 74.
(pdftex.def)             Requested size: 37.58125pt x 39.14607pt.

Underfull \hbox (badness 10000) in paragraph at lines 82--84

 []


Underfull \hbox (badness 10000) in paragraph at lines 96--97

 []

<./img/rmenon.jpg, id=95, 90.3375pt x 100.375pt>
File: ./img/rmenon.jpg Graphic file (type jpg)
 <use ./img/rmenon.jpg>
Package pdftex.def Info: ./img/rmenon.jpg used on input line 105.
(pdftex.def)             Requested size: 37.58125pt x 41.75745pt.

[6 <./img/smaier.jpeg>]
Underfull \hbox (badness 10000) in paragraph at lines 114--116

 []


Underfull \hbox (badness 10000) in paragraph at lines 119--121

 []

) [7 <./img/rmenon.jpg>]
\openout2 = `cronograma.aux'.

 (./cronograma.tex [8



]
Cap\'{\i }tulo 3.
) [9]
\openout2 = `posters.aux'.

 (./posters.tex [10



]
Cap\'{\i }tulo 4.
[11] <./abstracts/MCaldarola.pdf, id=123, page=1, 597.23125pt x 845.1575pt>
File: ./abstracts/MCaldarola.pdf Graphic file (type pdf)

<use ./abstracts/MCaldarola.pdf, page 1>
Package pdftex.def Info: ./abstracts/MCaldarola.pdf, page1 used on input line 5
.
(pdftex.def)             Requested size: 597.22978pt x 845.15544pt.
File: ./abstracts/MCaldarola.pdf Graphic file (type pdf)

<use ./abstracts/MCaldarola.pdf, page 1>
Package pdftex.def Info: ./abstracts/MCaldarola.pdf, page1 used on input line 5
.
(pdftex.def)             Requested size: 597.22978pt x 845.15544pt.
File: ./abstracts/MCaldarola.pdf Graphic file (type pdf)

<use ./abstracts/MCaldarola.pdf, page 1>
Package pdftex.def Info: ./abstracts/MCaldarola.pdf, page1 used on input line 5
.
(pdftex.def)             Requested size: 597.22978pt x 845.15544pt.
File: ./abstracts/MCaldarola.pdf Graphic file (type pdf)

<use ./abstracts/MCaldarola.pdf, page 1>
Package pdftex.def Info: ./abstracts/MCaldarola.pdf, page1 used on input line 5
.
(pdftex.def)             Requested size: 597.22978pt x 845.15544pt.
File: ./abstracts/MCaldarola.pdf Graphic file (type pdf)

<use ./abstracts/MCaldarola.pdf, page 1>
Package pdftex.def Info: ./abstracts/MCaldarola.pdf, page1 used on input line 5
.
(pdftex.def)             Requested size: 597.22978pt x 845.15544pt.
 [12 <./abstracts/MCaldarola.pdf>])
Package atveryend Info: Empty hook `BeforeClearDocument' on input line 62.
Package atveryend Info: Empty hook `AfterLastShipout' on input line 62.

(./libro_resumenes.aux (./portada.aux) (./organizadores.aux) (./disertantes.aux
) (./cronograma.aux) (./posters.aux))
Package atveryend Info: Executing hook `AtVeryEndDocument' on input line 62.
Package atveryend Info: Executing hook `AtEndAfterFileList' on input line 62.
Package rerunfilecheck Info: File `libro_resumenes.out' has not changed.
(rerunfilecheck)             Checksum: BBA4AF72A20AE1D6F2FED56166766CE2;583.
Package atveryend Info: Empty hook `AtVeryVeryEnd' on input line 62.
 ) 
Here is how much of TeX's memory you used:
 8372 strings out of 493633
 114879 string characters out of 3150840
 219547 words of memory out of 3500000
 11490 multiletter control sequences out of 15000+200000
 19949 words of font info for 53 fonts, out of 3000000 for 9000
 831 hyphenation exceptions out of 8191
 44i,19n,51p,609b,497s stack positions out of 5000i,500n,10000p,200000b,50000s
{/usr/share/texmf/fonts/enc/dvips/cm-super/cm-super-t1.enc}</usr/share/texmf/
fonts/type1/public/cm-super/sfbx1200.pfb></usr/share/texmf/fonts/type1/public/c
m-super/sfbx1440.pfb></usr/share/texmf/fonts/type1/public/cm-super/sfbx1728.pfb
></usr/share/texmf/fonts/type1/public/cm-super/sfbx2488.pfb></usr/share/texmf/f
onts/type1/public/cm-super/sfcc1200.pfb></usr/share/texmf/fonts/type1/public/cm
-super/sfrm0700.pfb></usr/share/texmf/fonts/type1/public/cm-super/sfrm0800.pfb>
</usr/share/texmf/fonts/type1/public/cm-super/sfrm1000.pfb></usr/share/texmf/fo
nts/type1/public/cm-super/sfrm1200.pfb></usr/share/texmf/fonts/type1/public/cm-
super/sfsl1200.pfb>
Output written on libro_resumenes.pdf (14 pages, 296535 bytes).
PDF statistics:
 191 PDF objects out of 1000 (max. 8388607)
 148 compressed objects within 2 object streams
 26 named destinations out of 1000 (max. 500000)
 108 words of extra memory for PDF output out of 10000 (max. 10000000)

